L0001 | 00:01 | 三Ｗ南喰赤－ | てるくん(+28.6) ヤクル(-4.4) はいはい！(-24.2)
L0001 | 00:01 | 四Ｗ東喰赤－ | どるどるどる(+25.4) Ⓟ有田将之(+6.9) Ⓟ山脇千文美(-6.7) つもつもＺ(-25.6)
L0001 | 00:03 | 四Ｗ東喰赤－ | ifdo2(+27.4) 光速の聴牌(+13.4) nico2222(-14.4) nabenan(-26.4)
L0001 | 00:03 | 三Ｗ南喰赤－ | のうてん(+40.8) 放銃期待(-12.7) ジャムおじさん(-28.1)
L0001 | 00:05 | 四Ｗ東喰赤－ | 里崎チャンネ(+36.2) なーちゃん(+7.0) ヨーグルト味(-10.0) @ひろっぺ(-33.2)
L0001 | 00:06 | 三Ｗ南喰赤－ | FORESTER(+35.6) きゃべつたろう(-6.1) game(-29.5)
L0001 | 00:06 | 四Ｗ東喰赤－ | 鳩りゅうさん(+25.3) Ⓟ岡崎圭吾(+9.4) Ⓟ井坂彰宏(-4.7) モトイズミ(-30.0)
L0001 | 00:06 | 三Ｗ南喰赤－ | divrcity(+64.5) KARIN(-5.0) tenchi(-59.5)
L0001 | 00:07 | 四Ｗ東喰赤－ | 真一郎(+28.9) kakaoman(+11.8) 無限飛翔(-7.7) ダイマサ(-33.0)
L0001 | 00:07 | 四Ｗ東喰赤－ | スモール(+28.1) Ⓟ真田悠暉(+7.5) おのとく＠北(-6.4) 下町人(-29.2)
L0001 | 00:09 | 三Ｗ南喰赤－ | Ⓟジェン(+29.6) それがいい(-6.3) 十字職人(-23.3)
L0001 | 00:10 | 四Ｗ東喰赤－ | Ⓟ吾妻さおり(+20.9) おいちょ(+5.0) Ⓟ向井譲(-6.0) どら息子２(-19.9)
L0001 | 00:12 | 四Ｗ東喰赤－ | Ⓟ鷹見としや(+23.4) セクシーナイト(+5.8) 白雪姫(-6.9) Ⓟ武田雛歩(-22.3)
L0001 | 00:13 | 三Ｗ南喰赤－ | 小田かずま(+46.0) Shima(-5.2) ごりごり(-40.8)
L0001 | 00:14 | 四Ｗ東喰赤－ | Ⓟ井上泰秀(+32.0) @ひろっぺ(+7.4) Ⓟ高畑敬太(-11.8) なーちゃん(-27.6)
L0001 | 00:14 | 四Ｗ東喰赤－ | ヨーグルト味(+29.0) どるどるどる(+3.5) Zakapa(-7.3) Ⓟ有田将之(-25.2)
L0001 | 00:16 | 三Ｗ南喰赤－ | メジェド様(+88.2) ゴクアクオヤジ(-29.0) hedgehog(-59.2)
L0001 | 00:18 | 四Ｗ東喰赤－ | てるくん(+18.9) 六三四(+6.0) Ⓟ渡辺雄輝(-6.7) トンキチ(-18.2)
L0001 | 00:18 | 四Ｗ東喰赤－ | Love&Ryu(+27.0) Ⓟ宮田雅也(+16.0) nabenan(+3.0) Ⓟ西川雄介(-46.0)
L0001 | 00:18 | 三Ｗ南喰赤－ | ヤクル(+49.5) がぼがぼ(-10.6) ESORA(-38.9)
L0001 | 00:18 | 四Ｗ東喰赤－ | Ⓟ冨田久志(+25.6) ダイマサ(+7.0) モトイズミ(-9.6) nico2222(-23.0)
L0001 | 00:19 | 四Ｗ東喰赤－ | チル麻雀(+23.0) ヒマジマ(+8.6) 無限飛翔(-6.3) 真一郎(-25.3)
L0001 | 00:20 | 三Ｗ南喰赤－ | それがいい(+29.4) いなづま2(-7.6) royal365(-21.8)
L0001 | 00:21 | 三Ｗ南喰赤－ | 病原体(+49.7) Ⓟ向井譲(-14.1) よいよいさん(-35.6)
L0001 | 00:22 | 四Ｗ東喰赤－ | Ⓟ佐々木将幸(+29.5) 里崎チャンネ(+16.3) Ⓟ吾妻さおり(-14.2) どら息子２(-31.6)
L0001 | 00:22 | 三Ｗ南喰赤－ | Ⓟ仲田加南(+31.8) はいはい！(-5.7) Ⓟジェン(-26.1)
L0001 | 00:25 | 三Ｗ南喰赤－ | 田村光昭(+26.9) divrcity(+3.9) カミカン(-30.8)
L0001 | 00:25 | 三Ｗ南喰赤－ | Ⓟ能瀬美咲(+50.1) 岡崎岡美(+2.6) tom様(-52.7)
L0001 | 00:26 | 四Ｗ東喰赤－ | nabenan(+28.3) Ⓟ西川雄介(+11.4) Love&Ryu(-13.8) Ⓟ真田悠暉(-25.9)
L0001 | 00:26 | 四Ｗ東喰赤－ | なーちゃん(+21.3) Ⓟ高畑敬太(+3.9) @ひろっぺ(-7.1) Ⓟ井上泰秀(-18.1)
L0001 | 00:28 | 三Ｗ南喰赤－ | のうてん(+31.6) どーん＠(+0.8) FORESTER(-32.4)
L0001 | 00:29 | 四Ｗ東喰赤－ | トミーラ2022(+19.4) Ⓟ武田雛歩(+6.2) Ⓟ鷹見としや(-7.5) Hideyuki(-18.1)
L0001 | 00:30 | 四Ｗ東喰赤－ | ジャムおじさん(+22.5) 六三四(+10.5) Ⓟ楠原遊(-10.5) Ⓟ渡邉準也(-22.5)
L0001 | 00:31 | 四Ｗ東喰赤－ | 真一郎(+33.1) 鳩りゅうさん(+11.5) ダイマサ(-14.9) nico2222(-29.7)
L0001 | 00:32 | 三Ｗ南喰赤－ | Shima(+21.5) 小田かずま(+7.4) てるくん(-28.9)
L0001 | 00:33 | 四Ｗ東喰赤－ | 無限飛翔(+33.5) ヒマジマ(+8.9) ifdo2(-15.8) 96h0use(-26.6)
L0001 | 00:35 | 四Ｗ東喰赤－ | Ⓟ井坂彰宏(+21.6) Ⓟ栄田勇作(+11.1) Ⓟ有田将之(-4.2) 十字職人(-28.5)
L0001 | 00:35 | 三Ｗ南喰赤－ | それがいい(+28.7) Zakapa(-3.3) いなづま2(-25.4)
L0001 | 00:37 | 四Ｗ東喰赤－ | Love&Ryu(+17.3) がくぞう(+6.8) Ⓟ西川雄介(-5.9) Ⓟ高畑敬太(-18.2)
L0001 | 00:37 | 三Ｗ南喰赤－ | ESORA(+64.8) 玉袋裏筋太郎(-8.9) こうの＠ゆ(-55.9)
L0001 | 00:38 | 四Ｗ東喰赤－ | どら息子２(+21.9) なーちゃん(+7.0) Ⓟ井上泰秀(-5.6) Ⓟ佐々木将幸(-23.3)
L0001 | 00:40 | 四Ｗ東喰赤－ | ヨーグルト味(+20.0) 尾張太郎(+5.2) jun2(-5.6) 童2時(-19.6)
L0001 | 00:44 | 三Ｗ南喰赤－ | HIRO新田(+32.6) divrcity(-0.3) 田村光昭(-32.3)
L0001 | 00:44 | 四Ｗ東喰赤－ | ジャムおじさん(+30.4) セクシーナイト(+5.7) ponpon(-5.3) Ⓟ楠原遊(-30.8)
L0001 | 00:46 | 四Ｗ東喰赤－ | **花**(+28.2) 六三四(+8.2) せーふてぃ(-10.0) Ⓟ能瀬美咲(-26.4)
L0001 | 00:48 | 四Ｗ東喰赤－ | 96h0use(+24.5) 真の弟子(+3.7) ひろさんさん(-7.5) コシさん(-20.7)
L0001 | 00:48 | 三Ｗ南喰赤－ | Ⓟ仁平宣明(+24.4) 小田かずま(+14.0) Ⓟ安藤りな(-38.4)
L0001 | 00:48 | 四Ｗ東喰赤－ | 無限飛翔(+25.0) Ⓟ井坂彰宏(+14.9) Ⓟ有田将之(-13.5) てるくん(-26.4)
L0001 | 00:50 | 四Ｗ東喰赤－ | Love&Ryu(+22.6) 鳩りゅうさん(+5.4) Hideyuki(-5.8) Ⓟ高畑敬太(-22.2)
L0001 | 00:51 | 三Ｗ南喰赤－ | がぼがぼ(+59.5) Shima(-3.3) フィロソフィ(-56.2)
L0001 | 00:51 | 四Ｗ東喰赤－ | ヒマジマ(+25.7) nico2222(+3.3) がくぞう(-7.7) 真一郎(-21.3)
L0001 | 00:52 | 四Ｗ東喰赤－ | Ⓟ佐々木将幸(+26.7) Ⓟ栄田勇作(+13.3) どら息子２(-1.3) Ⓟ井上泰秀(-38.7)
L0001 | 00:52 | 三Ｗ南喰赤－ | choko.(+36.6) hedgehog(+10.4) きねコー(-47.0)
L0001 | 00:54 | 三Ｗ南喰赤－ | いなづま2(+58.8) Ⓟジェン(-20.6) 十字職人(-38.2)
L0001 | 00:56 | 三Ｗ南喰赤－ | それがいい(+63.6) Namtaan(-4.9) のうてん(-58.7)
L0001 | 00:57 | 四Ｗ東喰赤－ | Ⓟ渡邉準也(+30.5) Ⓟ関本幸樹(+3.2) 8246。(-8.4) 尾張太郎(-25.3)
L0001 | 00:59 | 四Ｗ東喰赤－ | Ⓟ楠原遊(+43.6) 炎のAF(+1.3) ponpon(-11.5) ヨーグルト味(-33.4)
L0001 | 00:59 | 四Ｗ東喰赤－ | Ⓟ有田将之(+31.9) 真の弟子(+6.4) Ⓟ井坂彰宏(-11.4) ひろさんさん(-26.9)
L0001 | 01:03 | 四Ｗ東喰赤－ | Ⓟ佐々木将幸(+22.0) 96h0use(+8.2) コシさん(-3.0) どら息子２(-27.2)
L0001 | 01:03 | 三Ｗ南喰赤－ | べにぞう(+19.3) yy.(+4.0) Namtaan(-23.3)
L0001 | 01:04 | 三Ｗ南喰赤－ | それがいい(+16.4) Ⓟ安藤りな(+0.7) Ⓟ古橋崇志(-17.1)
L0001 | 01:06 | 四Ｗ東喰赤－ | nico2222(+24.1) Ⓟ関本幸樹(+6.5) ゆるもたん。(-9.0) たーぼー(-22.6)
L0001 | 01:06 | 三Ｗ南喰赤－ | フィロソフィ(+42.1) がぼがぼ(+3.0) divrcity(-45.1)
L0001 | 01:06 | 四Ｗ東喰赤－ | Ⓟ福光聖雄(+24.2) Ⓟ井上泰秀(+6.8) Ⓟ渡邉準也(-9.0) 尾張太郎(-22.0)
L0001 | 01:07 | 三Ｗ南喰赤－ | royal365(+25.6) Zakapa(+12.4) Ⓟ能瀬美咲(-38.0)
L0001 | 01:10 | 四Ｗ東喰赤－ | せーふてぃ(+30.2) ヒマジマ(+11.7) 極SAI(-10.9) MEGU0707(-31.0)
L0001 | 01:11 | 四Ｗ東喰赤－ | チル麻雀(+48.9) つのち(+7.7) **花**(-17.2) るーしー(-39.4)
L0001 | 01:15 | 三Ｗ南喰赤－ | 文福茶釜(+44.2) Ⓟジェン(-7.8) sensyuu(-36.4)
L0001 | 01:15 | 四Ｗ東喰赤－ | 十字職人(+26.9) 鳩りゅうさん(+7.8) がくぞう(-6.4) TOTSU(-29.3)
L0001 | 01:17 | 四Ｗ東喰赤－ | 輪虎１(+32.8) Ⓟ楠原遊(+11.6) ponpon(-11.4) Ⓟ栄田勇作(-33.0)
L0001 | 01:18 | 三Ｗ南喰赤－ | Ⓟ古橋崇志(+31.0) Ⓟ安藤りな(+5.2) 小田かずま(-36.2)
L0001 | 01:19 | 三Ｗ南喰赤－ | それがいい(+37.3) 紙の神(-8.4) Namtaan(-28.9)
L0001 | 01:20 | 四Ｗ東喰赤－ | Ⓟ井坂彰宏(+23.0) なーちゃん(+4.5) Ⓟ有田将之(-6.6) Ⓟ鷹見としや(-20.9)
L0001 | 01:21 | 四Ｗ東喰赤－ | ヨーグルト味(+25.6) どら息子２(+5.8) 真の弟子(-5.0) kanotomi(-26.4)
L0001 | 01:23 | 四Ｗ東喰赤－ | MEGU0707(+29.1) ShizukoH(+10.6) コシさん(-11.9) Hideyuki(-27.8)
L0001 | 01:23 | 三Ｗ南喰赤－ | Ⓟ北淳一(+45.5) yy.(+2.2) Ⓟ能瀬美咲(-47.7)
L0001 | 01:26 | 三Ｗ南喰赤－ | Ⓟ安藤りな(+19.3) Ⓟ古橋崇志(+5.2) 小田かずま(-24.5)
L0001 | 01:29 | 四Ｗ東喰赤－ | ゆるもたん。(+22.6) 極SAI(+6.6) たーぼー(-8.6) Ⓟ三好直幸(-20.6)
L0001 | 01:30 | 三Ｗ南喰赤－ | hedgehog(+16.7) Ⓟ渡辺雄輝(-3.3) Zakapa(-13.4)
L0001 | 01:30 | 四Ｗ東喰赤－ | Ⓟ井坂彰宏(+29.2) なーちゃん(+3.3) Ⓟ鷹見としや(-11.2) Ⓟ有田将之(-21.3)
L0001 | 01:31 | 四Ｗ東喰赤－ | Ⓟ山本亜衣(+27.8) 輪虎１(+10.0) Ⓟ西川雄介(-13.4) ponpon(-24.4)
L0001 | 01:32 | 三Ｗ南喰赤－ | royal365(+39.8) 文福茶釜(-5.1) Ⓟジェン(-34.7)
L0001 | 01:34 | 四Ｗ東喰赤－ | 鳩りゅうさん(+30.8) Ⓟ栄田勇作(+14.6) **花**(-11.3) つのち(-34.1)
L0001 | 01:34 | 三Ｗ南喰赤－ | Namtaan(+13.1) divrcity(-0.6) がぼがぼ(-12.5)
L0001 | 01:35 | 三Ｗ南喰赤－ | それがいい(+28.9) 紙の神(+18.5) Ⓟ安藤りな(-47.4)
L0001 | 01:38 | 三Ｗ南喰赤－ | Ⓟ能瀬美咲(+34.9) yy.(-6.5) sensyuu(-28.4)
L0001 | 01:38 | 三Ｗ南喰赤－ | Shima(+25.9) 川本佳明(+7.0) Ⓟ北淳一(-32.9)
L0001 | 01:40 | 四Ｗ東喰赤－ | Ⓟ三好直幸(+22.0) 極SAI(+4.4) たーぼー(-5.7) Ⓟ渡邉準也(-20.7)
L0001 | 01:43 | 四Ｗ東喰赤－ | Ⓟ福光聖雄(+23.0) サイタカ(+11.6) HIRO新田(-7.6) Ⓟ大倉綾菜(-27.0)
L0001 | 01:43 | 四Ｗ東喰赤－ | Ⓟ鷹見としや(+37.5) ハヤブサハヤト(+5.4) Ⓟ井坂彰宏(-14.3) Ⓟ有田将之(-28.6)
L0001 | 01:48 | 三Ｗ南喰赤－ | choko.(+29.9) それがいい(-8.8) Namtaan(-21.1)
L0001 | 01:48 | 三Ｗ南喰赤－ | divrcity(+36.0) がぼがぼ(-3.9) Ⓟ能瀬美咲(-32.1)
L0001 | 01:50 | 四Ｗ東喰赤－ | Hideyuki(+19.2) iikagenn(+6.0) ゆるもたん。(-6.8) なーちゃん(-18.4)
L0001 | 01:50 | 三Ｗ南喰赤－ | nomuman(+18.1) yy.(+5.7) sensyuu(-23.8)
L0001 | 01:53 | 四Ｗ東喰赤－ | コシさん(+24.2) Ⓟ渡邉準也(+5.5) 極SAI(-8.5) たーぼー(-21.2)
L0001 | 01:59 | 三Ｗ南喰赤－ | Ⓟ北淳一(+23.1) Ⓟジェン(+2.8) Shima(-25.9)
L0001 | 02:01 | 四Ｗ東喰赤－ | Ⓟ福光聖雄(+26.0) Ⓟ八木ヒカル(+8.7) カレンダー２(-2.6) くさおくん(-32.1)
L0001 | 02:03 | 四Ｗ東喰赤－ | Ⓟ鷹見としや(+23.2) Ⓟ井坂彰宏(+11.8) Ⓟ山本亜衣(-4.1) Poteto2(-30.9)
L0001 | 02:06 | 四Ｗ東喰赤－ | 零時.(+29.3) たーぼー(+18.4) tensi(-11.9) 96h0use(-35.8)
L0001 | 02:06 | 三Ｗ南喰赤－ | がぼがぼ(+33.5) sensyuu(-0.8) yy.(-32.7)
L0001 | 02:07 | 三Ｗ南喰赤－ | Ⓟ能瀬美咲(+37.1) それがいい(+20.6) nomuman(-57.7)
L0001 | 02:10 | 四Ｗ東喰赤－ | コシさん(+42.0) みけちゃん(+9.0) ゆるもたん。(-17.0) 極SAI(-34.0)
L0001 | 02:12 | 四Ｗ東喰赤－ | なーちゃん(+42.9) Ⓟ上田まみ(+1.2) Ⓟジェン(-11.0) iikagenn(-33.1)
L0001 | 02:16 | 四Ｗ東喰赤－ | Ⓟ井坂彰宏(+23.0) 天神２(+12.0) 鳩りゅうさん(-11.0) Ⓟ髙橋聡志(-24.0)
L0001 | 02:19 | 三Ｗ南喰赤－ | それがいい(+32.8) Ⓟ能瀬美咲(+3.8) こうの＠ゆ(-36.6)
L0001 | 02:20 | 四Ｗ東喰赤－ | tensi(+32.0) Ⓟ鷹見としや(+18.9) たーぼー(-14.8) Poteto2(-36.1)
L0001 | 02:24 | 四Ｗ東喰赤－ | 極SAI(+25.4) Ⓟ髙橋聡志(+2.9) Ⓟ渡邉準也(-8.7) Ⓟ八木ヒカル(-19.6)
L0001 | 02:26 | 三Ｗ南喰赤－ | yy.(+61.7) takasama(-25.5) choko.(-36.2)
L0001 | 02:27 | 四Ｗ東喰赤－ | Ⓟ井坂彰宏(+24.0) 天神２(0.0) くさおくん(0.0) あめんぼ(-24.0)
L0001 | 02:29 | 三Ｗ南喰赤－ | それがいい(+46.8) Ⓟ能瀬美咲(+4.5) ト－チャン(-51.3)
L0001 | 02:31 | 四Ｗ東喰赤－ | Ⓟ野々川博之(+37.3) ゆるもたん。(-0.1) Ⓟ三好直幸(-13.1) しばっこ(-24.1)
L0001 | 02:41 | 四Ｗ東喰赤－ | Ⓟ井坂彰宏(+31.6) 病原体(+7.5) Ⓟ渡邉準也(-14.3) くさおくん(-24.8)
L0001 | 02:41 | 四Ｗ東喰赤－ | ゆるもたん。(+23.0) Ⓟ三好直幸(+12.2) あめんぼ(-9.0) Ⓟ能瀬美咲(-26.2)
L0001 | 02:43 | 四Ｗ東喰赤－ | ShizukoH(+22.3) しばっこ(+5.9) Ⓟ野々川博之(-6.0) Ⓟ八木ヒカル(-22.2)
L0001 | 02:44 | 三Ｗ南喰赤－ | choko.(+58.6) takasama(-23.9) 左馬之助(-34.7)
L0001 | 02:48 | 四Ｗ東喰赤－ | yy.(+24.2) たーぼー(+8.8) tensi(-8.4) Ⓟ鷹見としや(-24.6)
L0001 | 02:51 | 四Ｗ東喰赤－ | Poteto2(+23.7) ゆるもたん。(+6.1) Ⓟ三好直幸(-6.3) Ⓟ能瀬美咲(-23.5)
L0001 | 02:56 | 四Ｗ東喰赤－ | Ⓟ八木ヒカル(+26.3) Ⓟ佐々木将幸(+14.0) あめんぼ(-13.9) ShizukoH(-26.4)
L0001 | 02:59 | 四Ｗ東喰赤－ | くさおくん(+18.1) Ⓟ渡邉準也(+6.3) たーぼー(-6.8) Ⓟ鷹見としや(-17.6)
L0001 | 02:59 | 三Ｗ南喰赤－ | yy.(+38.4) 左馬之助(-2.0) takasama(-36.4)
L0001 | 03:00 | 四Ｗ東喰赤－ | Ⓟ能瀬美咲(+23.5) 滝さん(+10.7) Ⓟ三好直幸(-10.7) tensi(-23.5)
L0001 | 03:09 | 四Ｗ東喰赤－ | Ⓟ鷹見としや(+25.3) 病原体(+10.1) Ⓟ日野太貴(-1.8) 盆栽好き(-33.6)
L0001 | 03:10 | 四Ｗ東喰赤－ | Ⓟ渡邉準也(+23.0) tensi(+8.3) くさおくん(-6.2) 滝さん(-25.1)
L0001 | 03:12 | 四Ｗ東喰赤－ | 天神２(+32.1) 零時.(+8.2) あめんぼ(-2.9) Ⓟ佐々木将幸(-37.4)
L0001 | 03:17 | 三Ｗ南喰赤－ | takasama(+28.6) yy.(+4.2) 左馬之助(-32.8)
L0001 | 03:30 | 四Ｗ東喰赤－ | tensi(+26.4) なーちゃん(+2.7) くさおくん(-9.5) うっきー(-19.6)
L0001 | 03:32 | 四Ｗ東喰赤－ | Ⓟ鷹見としや(+21.7) Ⓟ渡邉準也(+6.4) 滝さん(-8.4) Ⓟ日野太貴(-19.7)
L0001 | 03:39 | 三Ｗ南喰赤－ | takasama(+59.9) レレレ2022(-8.4) yy.(-51.5)
L0001 | 03:48 | 四Ｗ東喰赤－ | Ⓟ清水裕允(+28.9) Ⓟ小車祥(+10.0) Ⓟ鷹見としや(-12.9) Ⓟ日野太貴(-26.0)
L0001 | 03:54 | 四Ｗ東喰赤－ | くさおくん(+23.5) Ⓟ渡邉準也(+10.8) むちゃぶり(-6.6) 滝さん(-27.7)
L0001 | 03:55 | 三Ｗ南喰赤－ | 麻雀道場ネクサス(+41.7) 桐島かんな(-12.4) 左馬之助(-29.3)
L0001 | 03:58 | 四Ｗ東喰赤－ | Ⓟ日野太貴(+26.4) がくぞう(+5.1) Ⓟ清水裕允(-5.0) Ⓟ小車祥(-26.5)
L0001 | 04:09 | 四Ｗ東喰赤－ | HIRO新田(+23.3) yy.(+3.7) はやとちり(-13.5) Ⓟ月野桜悠(-13.5)
L0001 | 04:13 | 四Ｗ東喰赤－ | くさおくん(+26.4) Ⓟ渡邉準也(+7.6) ゆるもたん。(-5.0) Ⓟ日野太貴(-29.0)
L0001 | 04:23 | 四Ｗ東喰赤－ | Ⓟ小熊良衡(+32.8) REPDiGiT(+7.6) Raul-7(-8.4) Ⓟ井坂彰宏(-32.0)
L0001 | 04:25 | 四Ｗ東喰赤－ | ゆるもたん。(+23.4) 零時.(+6.5) Ⓟ渡邉準也(-8.1) Ⓟ日野太貴(-21.8)
L0001 | 04:29 | 四Ｗ東喰赤－ | くさおくん(+27.2) 三蔵法師(+3.5) Ⓟ月野桜悠(-6.7) 滝さん(-24.0)
L0001 | 04:38 | 四Ｗ東喰赤－ | Ⓟ日野太貴(+29.9) Ⓟ小熊良衡(+3.3) ponpon(-7.7) 零時.(-25.5)
L0001 | 04:39 | 四Ｗ東喰赤－ | かりんちょ(+19.6) KIJ(+8.4) 病原体(-7.0) Ⓟ中原進二(-21.0)
L0001 | 04:47 | 四Ｗ東喰赤－ | Ⓟ佐々木将幸(+25.8) 三蔵法師(+8.5) トシじい(-5.5) GC328(-28.8)
L0001 | 04:52 | 四Ｗ東喰赤－ | Ⓟ中原進二(+38.3) ユータマ(+5.5) かりんちょ(-13.2) Ⓟ杉村泰治(-30.6)
L0001 | 04:55 | 四Ｗ東喰赤－ | KIJ(+14.0) Ⓟ小熊良衡(+14.0) ponpon(-6.0) Ⓟ日野太貴(-22.0)
L0001 | 05:01 | 四Ｗ東喰赤－ | 猪八戒(+28.1) GC328(+5.9) ゆるもたん。(-9.6) Ⓟ佐々木将幸(-24.4)
L0001 | 05:06 | 四Ｗ東喰赤－ | Ⓟ小熊良衡(+24.9) 病原体(+13.8) ponpon(-7.6) Ⓟ日野太貴(-31.1)
L0001 | 05:10 | 四Ｗ東喰赤－ | GC328(+20.0) ゆるもたん。(+7.1) てつ兄(-6.3) 96h0use(-20.8)
L0001 | 05:18 | 四Ｗ東喰赤－ | Ⓟ渡邉準也(+22.9) Ⓟ中原進二(+8.4) カレンダー２(-5.8) かりんちょ(-25.5)
L0001 | 05:23 | 四Ｗ東喰赤－ | Ⓟ杉村泰治(+24.0) 病原体(+9.5) Ⓟ日野太貴(-8.0) Ⓟ小熊良衡(-25.5)
L0001 | 05:24 | 三Ｗ南喰赤－ | Tamo2(+63.3) FARGO(+13.7) 左馬之助(-77.0)
L0001 | 05:24 | 四Ｗ東喰赤－ | ponpon(+26.7) てつ兄(+8.1) ゆるもたん。(-6.3) 96h0use(-28.5)
L0001 | 05:30 | 四Ｗ東喰赤－ | Kotaro-k(+22.6) 三蔵法師(+4.3) Ⓟ中原進二(-6.4) Ⓟ渡邉準也(-20.5)
L0001 | 05:32 | 四Ｗ東喰赤－ | kenran(+36.6) かりんちょ(+14.8) Ⓟ日野太貴(-15.4) Ⓟ小熊良衡(-36.0)
L0001 | 05:39 | 四Ｗ東喰赤－ | ponpon(+21.6) ゆるもたん。(+9.5) 96h0use(-6.8) Ⓟ島秀彰(-24.3)
L0001 | 05:46 | 四Ｗ東喰赤－ | Ⓟ中原進二(+22.5) （・ω・）７７７(+11.1) Ⓟ渡邉準也(-9.9) おのとく＠北(-23.7)
L0001 | 05:50 | 四Ｗ東喰赤－ | ゆるもたん。(+24.3) 96h0use(+8.9) ponpon(-9.4) ＰＯＮ(-23.8)
L0001 | 05:52 | 三Ｗ南喰赤－ | TAMA(+34.2) kenran(-5.5) Tamo2(-28.7)
L0001 | 05:52 | 四Ｗ東喰赤－ | かりんちょ(+28.1) カレンダー２(+15.3) Ⓟ島秀彰(-14.0) Kotaro-k(-30.4)
L0001 | 05:56 | 四Ｗ東喰赤－ | （・ω・）７７７(+16.2) GC328(+5.0) sei460(-5.1) Ⓟ中原進二(-16.1)
L0001 | 06:06 | 四Ｗ東喰赤－ | 花水木(+32.1) 96h0use(+4.0) いとりん(-8.0) さみだれです(-28.1)
L0001 | 06:08 | 四Ｗ東喰赤－ | Kochikun(+16.5) 哀愁の山鳩(+6.0) 滝さん(-5.0) ponpon(-17.5)
L0001 | 06:11 | 三Ｗ南喰赤－ | TAMA(+14.5) ★比良乃計无太(+4.1) FARGO(-19.6)
L0001 | 06:12 | 四Ｗ東喰赤－ | のーてんふぁいら(+23.8) Kotaro-k(+12.8) Falcon(-8.1) かりんちょ(-28.5)
L0001 | 06:18 | 四Ｗ東喰赤－ | マサルクメ(+28.8) ogawara(+6.2) 女神の鬼(-8.3) （・ω・）７７７(-26.7)
L0001 | 06:21 | 四Ｗ東喰赤－ | 滝さん(+24.2) BEAR(+7.9) Kochikun(-10.1) ponpon(-22.0)
L0001 | 06:29 | 四Ｗ東喰赤－ | O_HIRO(+26.2) Kotaro-k(+7.9) かりんちょ(-11.6) のーてんふぁいら(-22.5)
L0001 | 06:40 | 四Ｗ東喰赤－ | BEAR(+17.6) 花水木(+6.6) てつ兄(-4.1) 滝さん(-20.1)
L1024 | 00:59 | 三般南喰赤－ | なかチュアチュア(+68.4) さぬMBC(-4.8) つよチュアチュア(-63.6)
L1024 | 01:05 | 三般南喰赤－ | つよチュアチュア(+56.0) さぬMBC(-5.8) なかチュアチュア(-50.2)
L1024 | 01:14 | 三般南喰赤－ | さぬMBC(+54.8) つよチュアチュア(-3.7) なかチュアチュア(-51.1)
L1024 | 01:27 | 三般南喰赤－ | つよチュアチュア(+45.8) さぬMBC(+5.9) なかチュアチュア(-51.7)
L1024 | 01:41 | 三般南喰赤－ | なかチュアチュア(+55.5) さぬMBC(+11.4) つよチュアチュア(-66.9)
L1024 | 01:52 | 三般南喰赤－ | さぬMBC(+54.2) なかチュアチュア(+18.0) つよチュアチュア(-72.2)
L1024 | 02:03 | 三般南喰赤－ | さぬMBC(+48.5) つよチュアチュア(-7.2) なかチュアチュア(-41.3)
L1024 | 02:26 | 三般南喰赤－ | さぬMBC(+58.6) なかチュアチュア(-16.0) つよチュアチュア(-42.6)
L1024 | 02:41 | 三般南喰赤－ | さぬMBC(+59.2) つよチュアチュア(-3.7) なかチュアチュア(-55.5)
L1024 | 02:58 | 三般南喰赤－ | つよチュアチュア(+70.2) なかチュアチュア(-2.0) さぬMBC(-68.2)
L1024 | 03:10 | 三般南喰赤－ | つよチュアチュア(+50.8) さぬMBC(-5.0) なかチュアチュア(-45.8)
L1024 | 03:25 | 三般南喰赤－ | つよチュアチュア(+40.1) なかチュアチュア(-8.1) さぬMBC(-32.0)
L1024 | 03:34 | 三般南喰赤－ | さぬMBC(+63.4) なかチュアチュア(-16.1) つよチュアチュア(-47.3)
L1024 | 03:48 | 三般南喰赤－ | なかチュアチュア(+44.1) さぬMBC(-8.8) つよチュアチュア(-35.3)
L1118 | 00:16 | 三般南喰赤－ | 震太郎震度Ⅷ(+54.8) 震太郎XX(+6.2) 臣田老Ⅸ(-61.0)
L1118 | 00:27 | 三般南喰赤－ | 震太郎XX(+47.0) 臣田老Ⅸ(-7.4) 震太郎震度Ⅷ(-39.6)
L1123 | 02:03 | 四般南喰赤－ | NoName(+42.4) NoName(+7.4) ◯NAGA05(-15.7) NoName(-34.1)
L1123 | 04:27 | 四般南喰赤－ | NoName(+56.8) NoName(+3.6) NoName(-18.5) ◯NAGA07(-41.9)
L1147 | 00:08 | 三般南喰赤－ | Onion(+35.3) ShadowC(-4.8) yipyip(-30.5)
L1150 | 00:41 | 四般南喰赤－ | Lucas123(+66.6) チャップジーピ(+3.2) 佳嗣(-19.0) さくでびる(-50.8)
L1150 | 00:55 | 四般南喰赤－ | チャップジーピ(+59.1) さくでびる(+9.4) 佳嗣(-27.5) Lucas123(-41.0)
L1150 | 01:25 | 四般南喰赤－ | チャップジーピ(+50.7) 佳嗣(+18.4) Lucas123(-16.5) さくでびる(-52.6)
L1150 | 01:39 | 四般南喰赤－ | チャップジーピ(+42.4) 佳嗣(+9.2) Lucas123(-18.4) さくでびる(-33.2)
L1150 | 02:24 | 四般南喰赤－ | 佳嗣(+53.0) チャップジーピ(+17.8) さくでびる(-20.6) Lucas123(-50.2)
L1151 | 01:11 | 四般南喰赤－ | NoName(+52.5) NoName(+5.3) NoName(-21.4) venrikka(-36.4)
L1170 | 03:10 | 四般南喰赤－ | NoName(+54.1) ハヅキだよん(+15.9) NoName(-27.7) NoName(-42.3)
L1170 | 04:03 | 四般南喰赤－ | ハヅキだよん(+66.1) NoName(+2.9) NoName(-23.5) NoName(-45.5)
L1178 | 00:18 | 三般南喰赤－ | mocchi(+64.3) 浄土真宗大谷派(-4.1) 章男(-60.2)
L1178 | 00:34 | 三般南喰赤－ | mocchi(+59.6) 浄土真宗大谷派(-13.3) 章男(-46.3)
L1178 | 00:58 | 三般南喰赤－ | 章男(+39.6) mocchi(-1.9) 浄土真宗大谷派(-37.7)
L1178 | 01:15 | 三般南喰赤－ | mocchi(+44.7) 章男(-10.5) 浄土真宗大谷派(-34.2)
L1178 | 01:40 | 三般南喰赤－ | mocchi(+65.1) 章男(-18.0) 浄土真宗大谷派(-47.1)
L1178 | 02:04 | 三般南喰赤－ | 浄土真宗大谷派(+54.1) 章男(0.0) mocchi(-54.1)
L1178 | 02:20 | 三般南喰赤－ | 浄土真宗大谷派(+48.0) 章男(-7.1) mocchi(-40.9)
L1178 | 02:40 | 三般南喰赤－ | 浄土真宗大谷派(+35.0) mocchi(-7.2) 章男(-27.8)
L1298 | 00:40 | 四般南喰赤－ | 波仔(+79.9) jeicdull(+3.7) Terrybea(-33.0) Step(-50.6)
L1298 | 00:58 | 四般南喰赤－ | Step(+76.0) Terrybea(-2.9) KerryBB(-30.9) 波仔(-42.2)
L1298 | 01:30 | 四般南喰赤－ | KerryBB(+61.0) Paulgor(+15.2) 波仔(-25.3) Step(-50.9)
L1298 | 01:39 | 四般南喰赤－ | 波仔(+48.3) Paulgor(+9.7) Step(-19.3) KerryBB(-38.7)
L1298 | 02:09 | 四般南喰赤－ | Step(+51.4) KerryBB(+13.0) 波仔(-25.4) Terrybea(-39.0)
L1298 | 02:44 | 四般南喰赤－ | Terrybea(+49.8) jeicdull(+10.2) Step(-24.2) KerryBB(-35.8)
L1336 | 03:01 | 四般南喰赤－ | ◯NAGA19(+59.9) ◯NAGA08(+22.7) ◯NAGA03(-29.0) Wataru_M(-53.6)
L1336 | 06:35 | 四般南喰赤－ | ◯NAGA17(+43.5) ◯NAGA04(+12.8) Wataru_M(-18.3) ◯NAGA09(-38.0)
L1465 | 00:13 | 三般南喰赤－ | kzhk(+58.9) tmd0(+8.2) IS5(-67.1)
L1465 | 00:24 | 三般南喰赤－ | kzhk(+58.7) tmd0(+8.6) IS5(-67.3)
L1500 | 00:09 | 三般南喰赤－ | いぶ銀(+56.2) Jobs.st(-13.6) タフィーローズ(-42.6)
L1526 | 00:08 | 三般南喰赤－ | やじも(+35.6) NoName(-3.5) あべ(-32.1)
L1526 | 00:29 | 三般南喰赤－ | やじも(+60.8) あべ(-18.7) NoName(-42.1)
L1556 | 04:27 | 四般南喰赤－ | ◯NAGA05(+48.8) ◯NAGA17(+16.4) 雪曰く(-23.2) 酸性電気(-42.0)
L1556 | 04:57 | 四般南喰赤－ | ◯NAGA10(+49.1) ◯NAGA19(+15.8) 酸性電気(-12.5) 雪曰く(-52.4)
L1556 | 05:25 | 四般南喰赤－ | 酸性電気(+44.7) ◯NAGA17(+3.4) 雪曰く(-18.8) ◯NAGA12(-29.3)
L1556 | 05:57 | 四般南喰赤－ | ◯NAGA15(+43.6) ◯NAGA08(+11.7) 酸性電気(-22.2) 雪曰く(-33.1)
L1564 | 01:03 | 四般南喰赤－ | NoName(+47.7) Pokeji-P(+15.3) NoName(-20.7) NoName(-42.3)
L1606 | 00:35 | 四般南喰赤－ | NoName(+63.1) ありしゃああ(+16.4) NoName(-24.4) 036RAI(-55.1)
L1606 | 00:58 | 四般南喰赤－ | なんしぃ(+65.1) 036RAI(+25.3) ありしゃああ(-21.7) くろてむ(-68.7)
L1606 | 01:20 | 四般南喰赤－ | ありしゃああ(+54.9) 036RAI(+3.6) くろてむ(-16.8) なんしぃ(-41.7)
L1606 | 02:39 | 四般南喰赤－ | ありしゃああ(+47.0) NoName(+15.6) なんしぃ(-12.5) 036RAI(-50.1)
L1606 | 03:05 | 四般南喰赤－ | なんしぃ(+53.0) NoName(+21.0) ありしゃああ(-20.9) 036RAI(-53.1)
L1672 | 00:00 | 四般南喰赤－ | 名古屋のおじさん(+61.0) syaoron(+5.2) マツウララ(-15.9) jay(-50.3)
L1672 | 00:25 | 四般南喰赤－ | 名古屋のおじさん(+45.0) マツウララ(+7.1) jay(-14.3) syaoron(-37.8)
L1672 | 01:01 | 四般南喰赤－ | syaoron(+41.8) マツウララ(+10.8) tomat(-18.4) jay(-34.2)
L1672 | 01:22 | 四般南喰赤－ | マツウララ(+38.9) jay(+7.8) 名古屋のおじさん(-15.7) tomat(-31.0)
L1672 | 01:55 | 四般南喰赤－ | tomat(+54.4) 名古屋のおじさん(+4.4) jay(-22.5) マツウララ(-36.3)
L1672 | 02:21 | 四般南喰赤－ | 名古屋のおじさん(+79.3) jay(+8.0) マツウララ(-23.3) tomat(-64.0)
L1672 | 02:53 | 四般南喰赤－ | マツウララ(+59.9) jay(+1.8) tomat(-22.2) 名古屋のおじさん(-39.5)
L1820 | 02:17 | 四般南喰赤－ | NoName(+47.8) NoName(+1.2) NoName(-19.3) NoName(-29.7)
L2049 | 00:19 | 三般南喰赤－ | おちぱっくん(+49.9) tumojane(+12.8) 西垣せーいち(-62.7)
L2065 | 00:26 | 四般南喰赤－ | なかだゆうすけ(+52.6) べーべ(+7.1) 45527979(-22.7) Eggplant(-37.0)
L2065 | 01:00 | 四般南喰赤－ | なかだゆうすけ(+45.5) Eggplant(+9.6) 45527979(-22.3) べーべ(-32.8)
L2085 | 00:50 | 四般南喰赤－ | ひろひろ826(+60.0) ぶーこん(+10.2) にしむぅ(-15.0) まるほその(-55.2)
L2085 | 00:56 | 四般南喰赤－ | まるほその(+44.6) にしむぅ(+8.4) ぶーこん(-18.0) ひろひろ826(-35.0)
L2085 | 01:23 | 四般南喰赤－ | まるほその(+57.1) ひろひろ826(+7.9) にしむぅ(-14.3) ぶーこん(-50.7)
L2123 | 02:58 | 四般南喰赤－ | Hamakuma(+55.7) NoName(+14.1) NoName(-13.2) NoName(-56.6)
L2313 | 00:17 | 四般南喰赤－ | とみろー(+50.7) のりのりのり(+17.0) こす(-17.2) やぐお(-50.5)
L2313 | 00:43 | 四般南喰赤－ | とみろー(+60.8) こす(+5.3) やぐお(-24.7) のりのりのり(-41.4)
L2832 | 00:07 | 四般南喰赤－ | かわえもんDX(+75.9) でぐぴ(+0.2) ビリ回避意識高め(-29.2) ミヤモトレイ(-46.9)
L2832 | 00:44 | 四般南喰赤－ | ミヤモトレイ(+45.2) ビリ回避意識高め(+6.8) かわえもんDX(-13.2) でぐぴ(-38.8)
L2832 | 01:19 | 四般南喰赤－ | ビリ回避意識高め(+60.6) でぐぴ(+16.9) かわえもんDX(-29.8) ミヤモトレイ(-47.7)
L2832 | 01:51 | 四般南喰赤－ | でぐぴ(+44.3) ミヤモトレイ(+12.1) ビリ回避意識高め(-13.7) かわえもんDX(-42.7)
L2866 | 01:19 | 四般南喰赤－ | brotatoo(+50.8) NoName(+10.1) NoName(-10.7) NoName(-50.2)
L2866 | 01:37 | 四般南喰赤－ | NoName(+50.9) brotatoo(+6.3) NoName(-18.8) NoName(-38.4)
L2866 | 02:00 | 四般南喰赤－ | NoName(+59.8) NoName(+8.5) NoName(-27.6) brotatoo(-40.7)
L2866 | 02:20 | 四般南喰赤－ | NoName(+51.0) NoName(+15.5) NoName(-22.3) brotatoo(-44.2)
L2866 | 04:39 | 四般南喰赤－ | NoName(+46.0) NoName(+3.8) brotatoo(-16.5) NoName(-33.3)
L2866 | 05:06 | 四般南喰赤－ | NoName(+43.0) NoName(+3.7) brotatoo(-17.5) NoName(-29.2)
L2866 | 06:32 | 四般南喰赤－ | NoName(+79.9) brotatoo(-6.3) NoName(-29.1) NoName(-44.5)
L2900 | 02:17 | 四般南喰赤－ | 欠陥牌操作(+44.9) ◯NAGA04(+12.1) ◯NAGA18(-10.7) ◯NAGA10(-46.3)
L3240 | 04:37 | 四般南喰赤－ | ◯NAGA08(+46.7) FREEZE(+5.2) ◯NAGA15(-19.7) ⓝNAGA25(-32.2)
L3240 | 04:59 | 四般南喰赤－ | ◯NAGA18(+57.1) FREEZE(+11.5) ◯NAGA03(-11.8) ◯NAGA17(-56.8)
L3384 | 02:22 | 三般南喰赤－ | 風霸之向(+60.9) XGT(-18.2) gungryu(-42.7)
L3384 | 02:44 | 三般南喰赤－ | 風霸之向(+62.6) gungryu(-18.5) XGT(-44.1)
L3384 | 03:13 | 三般南喰赤－ | XGT(+74.5) gungryu(-20.5) 風霸之向(-54.0)
L3384 | 03:39 | 三般南喰赤－ | gungryu(+70.0) 風霸之向(-7.0) XGT(-63.0)
L3384 | 03:46 | 三般南喰赤－ | gungryu(+52.3) 風霸之向(+11.0) XGT(-63.3)
L3384 | 03:55 | 三般南喰赤－ | gungryu(+63.4) 風霸之向(+1.0) XGT(-64.4)
L3384 | 04:03 | 三般南喰赤－ | XGT(+64.0) 風霸之向(+1.4) gungryu(-65.4)
L3384 | 04:16 | 三般南喰赤－ | 風霸之向(+56.0) XGT(+20.5) gungryu(-76.5)
L3384 | 04:26 | 三般南喰赤－ | 風霸之向(+41.7) XGT(-2.1) gungryu(-39.6)
L3384 | 04:47 | 三般南喰赤－ | 風霸之向(+52.1) XGT(+14.0) gungryu(-66.1)
L3384 | 05:09 | 三般南喰赤－ | gungryu(+54.6) 風霸之向(-8.6) XGT(-46.0)
L3384 | 05:27 | 三般南喰赤－ | 風霸之向(+49.6) XGT(+1.4) gungryu(-51.0)
L3384 | 05:49 | 三般南喰赤－ | 風霸之向(+69.8) gungryu(-19.8) XGT(-50.0)
L3684 | 02:07 | 三般南喰赤－ | bisuton(+66.0) 三笠(+0.9) danntyou(-66.9)
L3684 | 02:15 | 三般南喰赤－ | 三笠(+61.2) bisuton(+12.6) danntyou(-73.8)
L3684 | 02:26 | 三般南喰赤－ | bisuton(+74.8) danntyou(-13.8) 三笠(-61.0)
L3684 | 02:33 | 三般南喰赤－ | 三笠(+72.6) bisuton(-2.8) danntyou(-69.8)
L3684 | 02:37 | 三般南喰赤－ | danntyou(+41.0) bisuton(-8.3) 三笠(-32.7)
L3684 | 02:46 | 三般南喰赤－ | bisuton(+43.7) 三笠(-4.3) danntyou(-39.4)
L3684 | 02:58 | 三般南喰赤－ | 三笠(+40.1) danntyou(-9.9) bisuton(-30.2)
L3885 | 00:38 | 四般南喰赤－ | どいぽん(+63.8) みよりん(+14.2) マラリア(-25.0) SPIRIT(-53.0)
L3969 | 00:38 | 四般南喰赤－ | NoName(+70.9) NoName(+9.3) NoName(-29.7) NoName(-50.5)
L3977 | 00:20 | 三般南喰赤－ | ももか推し(+55.1) かなぴょんですが(-12.5) ぺディ(-42.6)
L3977 | 00:32 | 三般南喰赤－ | かなぴょんですが(+46.7) ももか推し(-10.0) ぺディ(-36.7)
L3977 | 00:53 | 三般南喰赤－ | ももか推し(+45.6) ぺディ(-11.5) かなぴょんですが(-34.1)
L3977 | 01:02 | 三般南喰赤－ | ももか推し(+54.1) かなぴょんですが(-2.5) ぺディ(-51.6)
L3977 | 01:21 | 三般南喰赤－ | ももか推し(+46.1) かなぴょんですが(-11.0) ぺディ(-35.1)
L3977 | 01:37 | 三般南喰赤－ | ぺディ(+47.8) ももか推し(-10.5) かなぴょんですが(-37.3)
L3977 | 02:02 | 三般南喰赤－ | ももか推し(+36.5) かなぴょんですが(-5.5) ぺディ(-31.0)
L3977 | 02:12 | 三般南喰赤－ | ぺディ(+42.0) ももか推し(-0.8) かなぴょんですが(-41.2)
L3977 | 02:27 | 三般南喰赤－ | ももか推し(+45.8) かなぴょんですが(-1.3) ぺディ(-44.5)
L4013 | 00:19 | 四般南喰赤－ | ymshtmsk(+53.7) ヒロヒロマル(+10.7) アライもん(-24.5) tandy(-39.9)
L4013 | 01:11 | 四般南喰赤－ | アライもん(+51.8) ymshtmsk(+21.7) tandy(-24.9) ヒロヒロマル(-48.6)
L4114 | 02:21 | 四般南喰赤－ | NoName(+51.5) NoName(+5.2) NoName(-21.2) 最速おとこ(-35.5)
L4114 | 02:34 | 四般南喰赤－ | 最速おとこ(+49.4) NoName(+11.4) NoName(-18.8) NoName(-42.0)
L4114 | 02:53 | 四般南喰赤－ | NoName(+52.6) NoName(+10.9) 最速おとこ(-18.7) NoName(-44.8)
L4114 | 05:47 | 四般南喰赤－ | NoName(+49.4) NoName(+4.4) NoName(-20.5) 最速おとこ(-33.3)
L4154 | 00:04 | 四般南喰赤－ | sakutoon(+66.2) Numataro(+7.4) Yaki-Oji(-31.3) ハコワレおじさん(-42.3)
L4444 | 00:13 | 四般南喰赤－ | NoName(+64.3) senseles(+13.9) こくらあさひ(-15.1) 蜜糖(-63.1)
L4444 | 00:25 | 四般南喰赤－ | senseles(+70.9) 蜜糖(-3.5) NoName(-27.1) こくらあさひ(-40.3)
L4444 | 01:43 | 四般南喰赤－ | こくらあさひ(+48.0) NoName(+13.2) NoName(-17.1) NoName(-44.1)
L4444 | 03:18 | 四般南喰赤－ | NoName(+41.9) senseles(+5.0) NoName(-18.0) NoName(-28.9)
L4444 | 03:40 | 四般南喰赤－ | senseles(+49.4) NoName(+9.2) NoName(-20.4) NoName(-38.2)
L4444 | 05:02 | 四般南喰赤－ | senseles(+73.8) NoName(-1.5) NoName(-28.2) NoName(-44.1)
L4444 | 05:54 | 四般南喰赤－ | NoName(+45.6) NoName(+5.4) NoName(-15.1) senseles(-35.9)
L4477 | 01:24 | 四般南喰赤－ | Eupho(+54.1) NoName(+21.2) NoName(-24.4) NoName(-50.9)
L4966 | 00:16 | 三般南喰赤－ | ヤギチャンプル(+52.2) ゆまぴ(-12.8) あなさか(-39.4)
L5033 | 00:10 | 四般南喰赤－ | ことすの冬は寒い(+67.1) 九代目お侍ちゃん(+6.4) ですしおすし(-24.4) ひかる。(-49.1)
L5471 | 02:59 | 四般南喰赤－ | NoName(+57.1) 字牌整理業(+3.0) NoName(-23.5) NoName(-36.6)
L5691 | 00:00 | 三般南喰赤－ | カナメ本気です(+71.0) suwata(-18.0) ボコボコやまと(-53.0)
L5691 | 00:10 | 三般南喰赤－ | suwata(+65.4) ボコボコやまと(-6.3) カナメ本気です(-59.1)
L5691 | 00:27 | 三般南喰赤－ | suwata(+66.5) ボコボコやまと(-19.5) カナメ本気です(-47.0)
L5691 | 00:41 | 三般南喰赤－ | ボコボコやまと(+45.0) suwata(-5.4) カナメ本気です(-39.6)
L5691 | 01:00 | 三般南喰赤－ | ボコボコやまと(+72.4) カナメ本気です(-18.2) suwata(-54.2)
L5691 | 01:14 | 三般南喰赤－ | ボコボコやまと(+48.2) カナメ本気です(+11.6) suwata(-59.8)
L5824 | 00:27 | 四般南喰赤－ | NoName(+71.0) NoName(+1.3) NoName(-21.8) mmtt(-50.5)
L5826 | 05:05 | 四般南喰赤－ | NoName(+41.7) NoName(+11.1) NoName(-15.5) Chishiya(-37.3)
L5910 | 03:36 | 四般南喰赤－ | NoName(+40.3) NoName(+6.8) NoName(-14.1) NoName(-33.0)
L5921 | 00:17 | 三般南喰赤－ | NoName(+57.1) NoName(+4.8) NoName(-61.9)
L5921 | 00:42 | 三般南喰赤－ | NoName(+35.1) NoName(-1.3) NoName(-33.8)
L5921 | 01:09 | 三般南喰赤－ | NoName(+66.1) NoName(+16.5) NoName(-82.6)
L5921 | 01:27 | 三般南喰赤－ | NoName(+59.7) NoName(-16.7) NoName(-43.0)
L5921 | 01:50 | 三般南喰赤－ | NoName(+56.7) NoName(-4.0) NoName(-52.7)
L6262 | 00:20 | 四般東喰赤－ | Dya(+45.1) Ila(+3.6) juga(-16.9) Tuma(-31.8)
L6262 | 00:43 | 四般東喰赤－ | Dya(+43.8) juga(+4.4) Ila(-15.9) Tuma(-32.3)
L6262 | 00:56 | 四般東喰赤－ | Tuma(+43.3) Ila(+5.3) juga(-16.8) Dya(-31.8)
L6432 | 00:58 | 四般南喰赤－ | NoName(+61.2) NoName(+13.3) moyuen(-25.6) NoName(-48.9)
L6492 | 05:49 | 四般南喰赤－ | NoName(+69.9) NoName(+2.7) NoName(-22.0) Chishiya(-50.6)
L6666 | 02:43 | 四般南喰赤－ | NoName(+61.2) NoName(+6.4) NoName(-22.6) djk(-45.0)
L6666 | 03:05 | 四般南喰赤－ | NoName(+51.9) djk(+9.8) NoName(-20.9) NoName(-40.8)
L6844 | 00:09 | 三般南喰赤－ | にゅゅん(+47.7) ソライフ(+1.4) 莉々ぱん(-49.1)
L6844 | 00:29 | 三般南喰赤－ | 莉々ぱん(+45.8) にゅゅん(-3.0) ソライフ(-42.8)
L6844 | 00:40 | 三般南喰赤－ | にゅゅん(+68.1) 莉々ぱん(-11.7) ソライフ(-56.4)
L6844 | 00:57 | 三般南喰赤－ | ソライフ(+70.4) にゅゅん(-7.4) 莉々ぱん(-63.0)
L6845 | 01:04 | 四般南喰赤－ | 山下イェイ(+48.8) NoName(+3.1) NoName(-17.5) NoName(-34.4)
L7176 | 00:09 | 三般南喰赤－ | ぽぺお(+121.9) サッポロヒゲ祭り(-23.5) 米焼酎(-98.4)
L7176 | 00:21 | 三般南喰赤－ | 米焼酎(+70.2) ぽぺお(-4.0) サッポロヒゲ祭り(-66.2)
L7176 | 00:35 | 三般南喰赤－ | 米焼酎(+48.8) ぽぺお(-10.5) サッポロヒゲ祭り(-38.3)
L7176 | 00:49 | 三般南喰赤－ | サッポロヒゲ祭り(+80.1) 米焼酎(-29.0) ぽぺお(-51.1)
L7176 | 01:04 | 三般南喰赤－ | ぽぺお(+43.4) 米焼酎(+7.2) サッポロヒゲ祭り(-50.6)
L7288 | 00:32 | 四般南喰赤－ | NoName(+42.0) Rafting(+4.6) NoName(-15.8) NoName(-30.8)
L7288 | 01:18 | 四般南喰赤－ | Rafting(+42.1) NoName(+8.2) LONGMEN(-13.0) meet2011(-37.3)
L7632 | 00:15 | 四般南喰赤－ | ◯NAGA16(+55.4) NeoNova(+21.0) ◯NAGA17(-22.4) ◯NAGA01(-54.0)
L7780 | 01:38 | 四般南喰赤－ | NoName(+42.9) NoName(+7.8) NoName(-16.1) NoName(-34.6)
L7780 | 01:59 | 四般南喰赤－ | NoName(+53.5) NoName(+14.0) NoName(-21.5) NoName(-46.0)
L7780 | 02:50 | 四般南喰赤－ | NoName(+41.1) NoName(+8.5) NoName(-12.7) NoName(-36.9)
L7897 | 03:19 | 四般南喰赤－ | 矯正中(+45.2) NoName(+3.8) NoName(-16.8) NoName(-32.2)
L7944 | 00:26 | 四般南喰赤－ | NoName(+65.1) NoName(+11.6) NoName(-30.5) NoName(-46.2)
L8141 | 00:08 | 四般南喰赤－ | NoName(+59.3) Makarov(+23.5) NoName(-29.7) arekri(-53.1)
L8141 | 01:08 | 四般南喰赤－ | NoName(+46.5) NoName(+12.8) Makarov(-7.3) arekri(-52.0)
L8141 | 01:27 | 四般南喰赤－ | arekri(+49.5) Makarov(+16.0) NoName(-11.7) NoName(-53.8)
L8141 | 01:46 | 四般南喰赤－ | Makarov(+63.5) NoName(+6.1) NoName(-25.5) arekri(-44.1)
L8218 | 05:51 | 四般南喰赤－ | NoName(+52.0) NoName(+17.2) NoName(-20.7) jojo1010(-48.5)
L8848 | 00:11 | 四般南喰赤－ | 股民幼犬(+56.7) NoName(+14.7) 言霊炎君(-27.8) NoName(-43.6)
L8848 | 00:41 | 四般南喰赤－ | NoName(+49.5) 京畿十三(+12.1) welt(-25.5) NoName(-36.1)
L8848 | 01:24 | 四般南喰赤－ | 京畿十三(+52.2) NoName(+0.5) welt(-19.6) NoName(-33.1)
L8952 | 03:27 | 四般南喰赤－ | NoName(+42.2) NoName(+4.7) NoName(-17.9) 字牌整理業(-29.0)
L9251 | 01:29 | 四般南喰赤－ | b1500a(+48.5) ヨッシー9zde(+16.0) マッケンG(-14.3) あさしもふもふ(-50.2)
L9579 | 04:32 | 四般南喰赤－ | NoName(+49.5) YSZ(+18.5) NoName(-24.3) NoName(-43.7)
L9696 | 01:32 | 四般南喰赤－ | NoName(+45.1) NoName(+12.3) NoName(-20.3) KUEIC(-37.1)
L9706 | 00:00 | 四般南喰赤－ | 山下イェイ(+60.8) NoName(+5.3) NoName(-23.7) NoName(-42.4)
C1619 | 00:02 | 三般南喰赤－ | Benching(+73.4) 天阪光(-22.8) 闇より暗漆黒(-50.6)
C2085 | 00:09 | 四般南喰赤－ | 夜中嵐鳥(+59.5) Gordon.(+2.1) engyeow(-24.4) SharonC(-37.2)
C2085 | 00:51 | 四般南喰赤－ | SharonC(+59.2) 夜中嵐鳥(+21.9) Gordon.(-18.1) engyeow(-63.0)
C4023 | 00:13 | 三般南喰赤祝 | 東のアツシ(+50.0,0枚) 広島代表あつし(-10.0,-2枚) MRA(-40.0,+2枚)
C4023 | 00:27 | 三般南喰赤祝 | 東のアツシ(+49.0,+7枚) 広島代表あつし(+1.0,-5枚) MRA(-50.0,-2枚)
C4023 | 00:46 | 三般南喰赤祝 | 広島代表あつし(+37.0,+6枚) 東のアツシ(-7.0,-3枚) MRA(-30.0,-3枚)
C5505 | 00:11 | 三般南喰赤祝 | Ryon(+49.0,+5枚) かずたそ(+2.0,0枚) 四つん這い王子(-51.0,-5枚)
C5505 | 00:32 | 三般南喰赤祝 | かずたそ(+38.0,0枚) Ryon(-6.0,0枚) 四つん這い王子(-32.0,0枚)
C5505 | 00:45 | 三般南喰赤祝 | かずたそ(+37.0,-2枚) Ryon(-3.0,+3枚) 四つん這い王子(-34.0,-1枚)
C7515 | 00:01 | 四般南喰－－ | MH(+49.5) KJK(+23.2) 健一郎(-12.7) J1N(-60.0)
C7886 | 00:00 | 四般南喰赤－ | Piki_p(+53.4) 甲yu(+5.9) 天城カイト(-21.8) Poca(-37.5)
C8940 | 01:03 | 四般南喰－－ | Octavia(+23.3) 白Ichigo(+5.2) Safaris(+0.1) Naroth(-28.6)
C8940 | 01:43 | 四般南喰－－ | Safaris(+33.4) Naroth(+21.2) 白Ichigo(-12.9) Octavia(-41.7)
C8940 | 02:23 | 四般南喰－－ | Safaris(+33.3) 白Ichigo(+8.5) Naroth(-14.1) Octavia(-27.7)
C8940 | 02:50 | 四般南喰－－ | Naroth(+25.0) Octavia(+5.5) Safaris(+0.5) 白Ichigo(-31.0)
